0 info it worked if it ends with ok
1 verbose cli [ 'C:\\Program Files\\nodejs\\node.exe',
1 verbose cli   'C:\\Program Files\\nodejs\\node_modules\\npm\\bin\\npm-cli.js',
1 verbose cli   'publish' ]
2 info using npm@2.14.12
3 info using node@v4.3.1
4 verbose publish [ '.' ]
5 silly cache add args [ '.', null ]
6 verbose cache add spec .
7 silly cache add parsed spec Result {
7 silly cache add   raw: '.',
7 silly cache add   scope: null,
7 silly cache add   name: null,
7 silly cache add   rawSpec: '.',
7 silly cache add   spec: 'C:\\Users\\lwhol\\Desktop\\my-github-stuff\\angular-simpler-pagination',
7 silly cache add   type: 'directory' }
8 verbose addLocalDirectory C:\Users\lwhol\AppData\Roaming\npm-cache\angular-simpler-pagination\1.1.0\package.tgz not in flight; packing
9 verbose tar pack [ 'C:\\Users\\lwhol\\AppData\\Roaming\\npm-cache\\angular-simpler-pagination\\1.1.0\\package.tgz',
9 verbose tar pack   'C:\\Users\\lwhol\\Desktop\\my-github-stuff\\angular-simpler-pagination' ]
10 verbose tarball C:\Users\lwhol\AppData\Roaming\npm-cache\angular-simpler-pagination\1.1.0\package.tgz
11 verbose folder C:\Users\lwhol\Desktop\my-github-stuff\angular-simpler-pagination
12 info prepublish angular-simpler-pagination@1.1.0
13 verbose addLocalTarball adding from inside cache C:\Users\lwhol\AppData\Roaming\npm-cache\angular-simpler-pagination\1.1.0\package.tgz
14 silly cache afterAdd angular-simpler-pagination@1.1.0
15 verbose afterAdd C:\Users\lwhol\AppData\Roaming\npm-cache\angular-simpler-pagination\1.1.0\package\package.json not in flight; writing
16 verbose afterAdd C:\Users\lwhol\AppData\Roaming\npm-cache\angular-simpler-pagination\1.1.0\package\package.json written
17 silly publish { name: 'angular-simpler-pagination',
17 silly publish   version: '1.1.0',
17 silly publish   description: 'The simplest possible pagination for angular apps',
17 silly publish   main: 'main.js',
17 silly publish   author: { name: 'Lior Wohl', email: 'liorwohl@gmail.com' },
17 silly publish   repository:
17 silly publish    { type: 'git',
17 silly publish      url: 'git://github.com/liorwohl/angular-simpler-pagination.git' },
17 silly publish   bugs: { url: 'https://github.com/liorwohl/angular-simpler-pagination/issues' },
17 silly publish   keywords: [ 'pagination', 'paginator', 'angular' ],
17 silly publish   analyze: true,
17 silly publish   license: 'MIT',
17 silly publish   readme: 'ERROR: No README data found!',
17 silly publish   gitHead: 'd249785ad1a81f0f1c9881a2e22dce0dafc07f50',
17 silly publish   homepage: 'https://github.com/liorwohl/angular-simpler-pagination#readme',
17 silly publish   _id: 'angular-simpler-pagination@1.1.0',
17 silly publish   scripts: {},
17 silly publish   _shasum: '81808ab120890f6d55b8bbf2a8d83aec21c43bb2',
17 silly publish   _from: '.' }
18 verbose getPublishConfig undefined
19 silly mapToRegistry name angular-simpler-pagination
20 silly mapToRegistry using default registry
21 silly mapToRegistry registry https://registry.npmjs.org/
22 silly mapToRegistry uri https://registry.npmjs.org/angular-simpler-pagination
23 verbose publish registryBase https://registry.npmjs.org/
24 silly publish uploading C:\Users\lwhol\AppData\Roaming\npm-cache\angular-simpler-pagination\1.1.0\package.tgz
25 verbose request uri https://registry.npmjs.org/angular-simpler-pagination
26 verbose request sending authorization for write operation
27 info attempt registry request try #1 at 5:50:05 PM
28 verbose request using bearer token for auth
29 verbose request id 65e77b5c8c4a8a78
30 http request PUT https://registry.npmjs.org/angular-simpler-pagination
31 http 403 https://registry.npmjs.org/angular-simpler-pagination
32 verbose headers { 'content-type': 'application/json',
32 verbose headers   'cache-control': 'max-age=300',
32 verbose headers   'content-length': '95',
32 verbose headers   'accept-ranges': 'bytes',
32 verbose headers   date: 'Wed, 24 Feb 2016 15:50:59 GMT',
32 verbose headers   via: '1.1 varnish',
32 verbose headers   connection: 'keep-alive',
32 verbose headers   'x-served-by': 'cache-ams4133-AMS',
32 verbose headers   'x-cache': 'MISS',
32 verbose headers   'x-cache-hits': '0',
32 verbose headers   'x-timer': 'S1456329058.779534,VS0,VE942' }
33 verbose request invalidating C:\Users\lwhol\AppData\Roaming\npm-cache\registry.npmjs.org\angular-simpler-pagination on PUT
34 error publish Failed PUT 403
35 verbose stack Error: "You cannot publish over the previously published version 1.1.0." : angular-simpler-pagination
35 verbose stack     at makeError (C:\Program Files\nodejs\node_modules\npm\node_modules\npm-registry-client\lib\request.js:264:12)
35 verbose stack     at CachingRegistryClient.<anonymous> (C:\Program Files\nodejs\node_modules\npm\node_modules\npm-registry-client\lib\request.js:252:14)
35 verbose stack     at Request._callback (C:\Program Files\nodejs\node_modules\npm\node_modules\npm-registry-client\lib\request.js:172:14)
35 verbose stack     at Request.self.callback (C:\Program Files\nodejs\node_modules\npm\node_modules\request\request.js:198:22)
35 verbose stack     at emitTwo (events.js:87:13)
35 verbose stack     at Request.emit (events.js:172:7)
35 verbose stack     at Request.<anonymous> (C:\Program Files\nodejs\node_modules\npm\node_modules\request\request.js:1082:10)
35 verbose stack     at emitOne (events.js:82:20)
35 verbose stack     at Request.emit (events.js:169:7)
35 verbose stack     at IncomingMessage.<anonymous> (C:\Program Files\nodejs\node_modules\npm\node_modules\request\request.js:1009:12)
36 verbose statusCode 403
37 verbose pkgid angular-simpler-pagination
38 verbose cwd C:\Users\lwhol\Desktop\my-github-stuff\angular-simpler-pagination
39 error Windows_NT 6.1.7601
40 error argv "C:\\Program Files\\nodejs\\node.exe" "C:\\Program Files\\nodejs\\node_modules\\npm\\bin\\npm-cli.js" "publish"
41 error node v4.3.1
42 error npm  v2.14.12
43 error code E403
44 error "You cannot publish over the previously published version 1.1.0." : angular-simpler-pagination
45 error If you need help, you may report this error at:
45 error     <https://github.com/npm/npm/issues>
46 verbose exit [ 1, true ]
